TN:
SF:src/lib/auth.ts
FN:4,getSecret
FN:22,signToken
FN:26,verifyToken
FN:30,hashPassword
FN:34,comparePassword
FNF:5
FNH:5
FNDA:3,getSecret
FNDA:1,signToken
FNDA:2,verifyToken
FNDA:1,hashPassword
FNDA:2,comparePassword
DA:1,1
DA:2,1
DA:5,3
DA:6,3
DA:7,0
DA:8,0
DA:10,0
DA:12,3
DA:22,1
DA:23,1
DA:26,1
DA:27,2
DA:30,1
DA:31,1
DA:34,1
DA:35,2
LF:16
LH:13
BRDA:6,0,0,0
BRDA:6,0,1,3
BRDA:7,1,0,0
BRDA:7,1,1,0
BRF:4
BRH:1
end_of_record
TN:
SF:src/lib/db.ts
FN:21,(anonymous_1)
FN:27,isMongoConnectivityError
FN:39,connectDB
FN:57,(anonymous_4)
FNF:4
FNH:3
FNDA:2,(anonymous_1)
FNDA:0,isMongoConnectivityError
FNDA:3,connectDB
FNDA:1,(anonymous_4)
DA:1,1
DA:3,1
DA:4,1
DA:15,1
DA:16,1
DA:18,1
DA:19,2
DA:22,2
DA:23,2
DA:28,0
DA:30,0
DA:31,0
DA:33,0
DA:39,1
DA:41,3
DA:42,1
DA:45,2
DA:46,1
DA:47,1
DA:50,2
DA:51,2
DA:58,1
DA:60,1
DA:61,0
DA:66,1
DA:67,1
DA:76,0
DA:77,0
DA:86,0
DA:90,2
DA:91,1
LF:31
LH:23
BRDA:3,0,0,1
BRDA:3,0,1,0
BRDA:4,1,0,1
BRDA:4,1,1,1
BRDA:15,2,0,1
BRDA:15,2,1,0
BRDA:15,3,0,1
BRDA:15,3,1,1
BRDA:28,4,0,0
BRDA:28,4,1,0
BRDA:34,5,0,0
BRDA:34,5,1,0
BRDA:41,6,0,1
BRDA:41,6,1,2
BRDA:41,7,0,3
BRDA:41,7,1,2
BRDA:45,8,0,1
BRDA:45,8,1,1
BRDA:45,9,0,2
BRDA:45,9,1,1
BRDA:50,10,0,2
BRDA:50,10,1,0
BRDA:60,11,0,0
BRDA:60,11,1,1
BRDA:60,12,0,1
BRDA:60,12,1,1
BRDA:66,13,0,1
BRDA:66,13,1,0
BRDA:66,14,0,1
BRDA:66,14,1,1
BRDA:76,15,0,0
BRDA:76,15,1,0
BRF:32
BRH:21
end_of_record
TN:
SF:src/lib/email.ts
FN:15,isEmailConfigured
FN:20,getRecipients
FN:28,buildEmailHtml
FN:114,sendExpiryAlertEmail
FN:159,sendBatchExpiryAlertEmails
FN:179,isEmailServiceConfigured
FNF:6
FNH:6
FNDA:13,isEmailConfigured
FNDA:1,getRecipients
FNDA:5,buildEmailHtml
FNDA:6,sendExpiryAlertEmail
FNDA:1,sendBatchExpiryAlertEmails
FNDA:7,isEmailServiceConfigured
DA:16,13
DA:17,13
DA:21,1
DA:22,1
DA:23,1
DA:25,0
DA:29,5
DA:35,5
DA:36,5
DA:38,5
DA:114,8
DA:115,6
DA:116,1
DA:117,1
DA:120,5
DA:122,5
DA:123,5
DA:124,5
DA:125,5
DA:128,5
DA:145,4
DA:146,1
DA:147,1
DA:148,1
DA:151,3
DA:152,3
DA:154,1
DA:155,1
DA:159,8
DA:160,1
DA:161,1
DA:162,1
DA:164,1
DA:165,1
DA:166,2
DA:167,2
DA:168,2
DA:170,0
DA:171,0
DA:176,1
DA:179,8
DA:180,7
LF:42
LH:39
BRDA:17,0,0,13
BRDA:17,0,1,10
BRDA:22,1,0,1
BRDA:22,1,1,0
BRDA:35,2,0,1
BRDA:35,2,1,4
BRDA:35,3,0,4
BRDA:35,3,1,0
BRDA:36,4,0,1
BRDA:36,4,1,4
BRDA:36,5,0,4
BRDA:36,5,1,0
BRDA:115,6,0,1
BRDA:115,6,1,5
BRDA:124,7,0,5
BRDA:124,7,1,0
BRDA:125,8,0,5
BRDA:125,8,1,5
BRDA:145,9,0,1
BRDA:145,9,1,3
BRDA:155,10,0,1
BRDA:155,10,1,0
BRDA:167,11,0,2
BRDA:167,11,1,0
BRF:24
BRH:18
end_of_record
TN:
SF:src/lib/saleNotifications.ts
FN:4,(anonymous_0)
FN:31,formatSaleThankYouMessage
FN:35,formatRentalConfirmationMessage
FN:41,buildSaleThankYouEmailHtml
FN:97,buildRentalConfirmationEmailHtml
FN:172,sendCustomerSms
FN:185,sendCustomerEmail
FN:232,sendSaleThankYouNotifications
FN:258,sendRentalConfirmationNotifications
FN:313,formatInstallmentConfirmationMessage
FN:316,(anonymous_10)
FN:322,formatPaymentReminderMessage
FN:327,formatOverdueNoticeMessage
FN:334,buildInstallmentConfirmationEmailHtml
FN:335,(anonymous_14)
FN:408,buildPaymentReminderEmailHtml
FN:475,buildOverdueNoticeEmailHtml
FN:547,sendInstallmentConfirmationNotifications
FN:573,sendPaymentReminderNotifications
FN:599,sendOverdueNoticeNotifications
FNF:20
FNH:9
FNDA:2,(anonymous_0)
FNDA:2,formatSaleThankYouMessage
FNDA:1,formatRentalConfirmationMessage
FNDA:1,buildSaleThankYouEmailHtml
FNDA:1,buildRentalConfirmationEmailHtml
FNDA:3,sendCustomerSms
FNDA:2,sendCustomerEmail
FNDA:2,sendSaleThankYouNotifications
FNDA:1,sendRentalConfirmationNotifications
FNDA:0,formatInstallmentConfirmationMessage
FNDA:0,(anonymous_10)
FNDA:0,formatPaymentReminderMessage
FNDA:0,formatOverdueNoticeMessage
FNDA:0,buildInstallmentConfirmationEmailHtml
FNDA:0,(anonymous_14)
FNDA:0,buildPaymentReminderEmailHtml
FNDA:0,buildOverdueNoticeEmailHtml
FNDA:0,sendInstallmentConfirmationNotifications
FNDA:0,sendPaymentReminderNotifications
FNDA:0,sendOverdueNoticeNotifications
DA:1,7
DA:2,7
DA:4,9
DA:32,2
DA:36,1
DA:37,1
DA:38,1
DA:42,1
DA:98,1
DA:99,1
DA:100,1
DA:102,1
DA:173,3
DA:174,0
DA:177,3
DA:178,3
DA:179,0
DA:181,3
DA:190,2
DA:191,0
DA:194,2
DA:195,0
DA:198,2
DA:199,2
DA:200,2
DA:202,2
DA:203,2
DA:220,2
DA:221,0
DA:222,0
DA:223,0
DA:226,2
DA:228,0
DA:232,7
DA:236,2
DA:238,2
DA:239,2
DA:240,2
DA:241,2
DA:243,2
DA:244,1
DA:245,1
DA:250,1
DA:251,1
DA:254,2
DA:255,2
DA:258,7
DA:262,1
DA:264,1
DA:265,1
DA:266,1
DA:267,1
DA:269,1
DA:270,1
DA:271,1
DA:276,1
DA:277,1
DA:280,1
DA:281,1
DA:314,0
DA:316,0
DA:318,0
DA:319,0
DA:323,0
DA:324,0
DA:328,0
DA:329,0
DA:330,0
DA:331,0
DA:335,0
DA:343,0
DA:409,0
DA:410,0
DA:412,0
DA:476,0
DA:477,0
DA:478,0
DA:480,0
DA:547,7
DA:551,0
DA:553,0
DA:554,0
DA:555,0
DA:556,0
DA:558,0
DA:559,0
DA:560,0
DA:565,0
DA:566,0
DA:569,0
DA:570,0
DA:573,7
DA:577,0
DA:579,0
DA:580,0
DA:581,0
DA:582,0
DA:584,0
DA:585,0
DA:586,0
DA:591,0
DA:592,0
DA:595,0
DA:596,0
DA:599,7
DA:603,0
DA:605,0
DA:606,0
DA:607,0
DA:608,0
DA:610,0
DA:611,0
DA:612,0
DA:617,0
DA:618,0
DA:621,0
DA:622,0
LF:117
LH:54
BRDA:32,0,0,2
BRDA:32,0,1,0
BRDA:32,1,0,2
BRDA:32,1,1,0
BRDA:38,2,0,1
BRDA:38,2,1,0
BRDA:38,3,0,1
BRDA:38,3,1,0
BRDA:74,4,0,1
BRDA:74,4,1,0
BRDA:74,5,0,1
BRDA:74,5,1,0
BRDA:134,6,0,1
BRDA:134,6,1,0
BRDA:134,7,0,1
BRDA:134,7,1,0
BRDA:173,8,0,0
BRDA:173,8,1,3
BRDA:181,9,0,3
BRDA:181,9,1,0
BRDA:190,10,0,0
BRDA:190,10,1,2
BRDA:194,11,0,0
BRDA:194,11,1,2
BRDA:199,12,0,2
BRDA:199,12,1,0
BRDA:200,13,0,2
BRDA:200,13,1,2
BRDA:220,14,0,0
BRDA:220,14,1,2
BRDA:228,15,0,0
BRDA:228,15,1,0
BRDA:243,16,0,1
BRDA:243,16,1,1
BRDA:269,17,0,1
BRDA:269,17,1,0
BRDA:273,18,0,1
BRDA:273,18,1,0
BRDA:273,19,0,1
BRDA:273,19,1,0
BRDA:318,20,0,0
BRDA:318,20,1,0
BRDA:319,21,0,0
BRDA:319,21,1,0
BRDA:319,22,0,0
BRDA:319,22,1,0
BRDA:324,23,0,0
BRDA:324,23,1,0
BRDA:336,24,0,0
BRDA:336,24,1,0
BRDA:371,25,0,0
BRDA:371,25,1,0
BRDA:371,26,0,0
BRDA:371,26,1,0
BRDA:440,27,0,0
BRDA:440,27,1,0
BRDA:440,28,0,0
BRDA:440,28,1,0
BRDA:452,29,0,0
BRDA:452,29,1,0
BRDA:508,30,0,0
BRDA:508,30,1,0
BRDA:508,31,0,0
BRDA:508,31,1,0
BRDA:558,32,0,0
BRDA:558,32,1,0
BRDA:562,33,0,0
BRDA:562,33,1,0
BRDA:562,34,0,0
BRDA:562,34,1,0
BRDA:584,35,0,0
BRDA:584,35,1,0
BRDA:610,36,0,0
BRDA:610,36,1,0
BRF:74
BRH:21
end_of_record
TN:
SF:src/lib/sms.ts
FN:22,isTwilioConfigured
FN:30,getTwilioClient
FN:47,getAdminPhone
FN:55,formatExpirySms
FN:64,sendExpirySms
FN:93,sendExpiryAlertSms
FN:109,sendBatchExpiryAlertSms
FN:130,isSmsServiceConfigured
FNF:8
FNH:8
FNDA:5,isTwilioConfigured
FNDA:9,getTwilioClient
FNDA:4,getAdminPhone
FNDA:5,formatExpirySms
FNDA:9,sendExpirySms
FNDA:4,sendExpiryAlertSms
FNDA:1,sendBatchExpiryAlertSms
FNDA:5,isSmsServiceConfigured
DA:1,20
DA:19,20
DA:20,20
DA:23,5
DA:24,5
DA:25,5
DA:27,5
DA:31,9
DA:33,8
DA:34,8
DA:36,8
DA:37,1
DA:38,1
DA:41,7
DA:42,4
DA:44,4
DA:48,4
DA:49,4
DA:50,3
DA:52,1
DA:55,20
DA:60,5
DA:61,5
DA:64,20
DA:65,9
DA:67,6
DA:68,1
DA:69,1
DA:72,5
DA:74,5
DA:75,5
DA:76,0
DA:79,5
DA:85,4
DA:86,4
DA:88,1
DA:89,1
DA:93,20
DA:98,4
DA:100,4
DA:101,1
DA:102,1
DA:105,3
DA:106,3
DA:109,20
DA:114,1
DA:115,1
DA:117,1
DA:118,2
DA:119,2
DA:120,2
DA:122,0
DA:123,0
DA:127,1
DA:130,20
DA:131,5
LF:56
LH:53
BRDA:27,0,0,5
BRDA:27,0,1,4
BRDA:27,0,2,3
BRDA:27,0,3,2
BRDA:31,1,0,1
BRDA:31,1,1,8
BRDA:36,2,0,1
BRDA:36,2,1,7
BRDA:36,3,0,8
BRDA:36,3,1,7
BRDA:36,3,2,7
BRDA:42,4,0,4
BRDA:42,4,1,0
BRDA:49,5,0,3
BRDA:49,5,1,1
BRDA:49,6,0,4
BRDA:49,6,1,3
BRDA:60,7,0,3
BRDA:60,7,1,2
BRDA:67,8,0,1
BRDA:67,8,1,5
BRDA:67,9,0,6
BRDA:67,9,1,5
BRDA:75,10,0,0
BRDA:75,10,1,5
BRDA:89,11,0,1
BRDA:89,11,1,0
BRDA:100,12,0,1
BRDA:100,12,1,3
BRDA:119,13,0,2
BRDA:119,13,1,0
BRF:31
BRH:27
end_of_record
